         612 function calls (607 primitive calls) in 0.002 seconds

   Ordered by: cumulative time

   ncalls  tottime  percall  cumtime  percall filename:lineno(function)
        1    0.000    0.000    0.002    0.002 /Users/aaditnagori/Documents/AllDigital/alldigital-assessment/main.py:103(predict)
        1    0.000    0.000    0.002    0.002 /Users/aaditnagori/anaconda3/envs/alldigital/lib/python3.12/site-packages/sklearn/model_selection/_search.py:577(predict)
        1    0.000    0.000    0.002    0.002 /Users/aaditnagori/anaconda3/envs/alldigital/lib/python3.12/site-packages/sklearn/pipeline.py:549(predict)
        1    0.000    0.000    0.001    0.001 /Users/aaditnagori/anaconda3/envs/alldigital/lib/python3.12/site-packages/sklearn/utils/_set_output.py:311(wrapped)
        1    0.000    0.000    0.001    0.001 /Users/aaditnagori/anaconda3/envs/alldigital/lib/python3.12/site-packages/sklearn/preprocessing/_data.py:1027(transform)
        2    0.000    0.000    0.001    0.001 /Users/aaditnagori/anaconda3/envs/alldigital/lib/python3.12/site-packages/sklearn/base.py:537(_validate_data)
        2    0.000    0.000    0.001    0.001 /Users/aaditnagori/anaconda3/envs/alldigital/lib/python3.12/site-packages/sklearn/utils/validation.py:718(check_array)
        2    0.000    0.000    0.000    0.000 /Users/aaditnagori/anaconda3/envs/alldigital/lib/python3.12/site-packages/sklearn/utils/validation.py:93(_assert_all_finite)
        1    0.000    0.000    0.000    0.000 /Users/aaditnagori/anaconda3/envs/alldigital/lib/python3.12/site-packages/sklearn/linear_model/_base.py:367(predict)
        1    0.000    0.000    0.000    0.000 /Users/aaditnagori/anaconda3/envs/alldigital/lib/python3.12/site-packages/sklearn/linear_model/_base.py:341(decision_function)
        1    0.000    0.000    0.000    0.000 /Users/aaditnagori/anaconda3/envs/alldigital/lib/python3.12/logging/__init__.py:2208(info)
        1    0.000    0.000    0.000    0.000 /Users/aaditnagori/anaconda3/envs/alldigital/lib/python3.12/logging/__init__.py:1529(info)
        1    0.000    0.000    0.000    0.000 /Users/aaditnagori/anaconda3/envs/alldigital/lib/python3.12/logging/__init__.py:1660(_log)
      3/2    0.000    0.000    0.000    0.000 /Users/aaditnagori/anaconda3/envs/alldigital/lib/python3.12/site-packages/sklearn/utils/_available_if.py:36(__get__)
        2    0.000    0.000    0.000    0.000 /Users/aaditnagori/anaconda3/envs/alldigital/lib/python3.12/site-packages/numpy/core/fromnumeric.py:2177(sum)
        3    0.000    0.000    0.000    0.000 /Users/aaditnagori/anaconda3/envs/alldigital/lib/python3.12/site-packages/sklearn/utils/validation.py:1587(check_is_fitted)
        1    0.000    0.000    0.000    0.000 /Users/aaditnagori/anaconda3/envs/alldigital/lib/python3.12/logging/__init__.py:1686(handle)
        2    0.000    0.000    0.000    0.000 /Users/aaditnagori/anaconda3/envs/alldigital/lib/python3.12/site-packages/numpy/core/fromnumeric.py:71(_wrapreduction)
      3/2    0.000    0.000    0.000    0.000 /Users/aaditnagori/anaconda3/envs/alldigital/lib/python3.12/site-packages/sklearn/utils/_available_if.py:24(_check)
        1    0.000    0.000    0.000    0.000 /Users/aaditnagori/anaconda3/envs/alldigital/lib/python3.12/logging/__init__.py:1746(callHandlers)
        1    0.000    0.000    0.000    0.000 /Users/aaditnagori/anaconda3/envs/alldigital/lib/python3.12/logging/__init__.py:1011(handle)
        2    0.000    0.000    0.000    0.000 {method 'reduce' of 'numpy.ufunc' objects}
        2    0.000    0.000    0.000    0.000 /Users/aaditnagori/anaconda3/envs/alldigital/lib/python3.12/site-packages/sklearn/utils/_array_api.py:730(_asarray_with_order)
        1    0.000    0.000    0.000    0.000 /Users/aaditnagori/anaconda3/envs/alldigital/lib/python3.12/site-packages/pydantic/main.py:1050(__str__)
        1    0.000    0.000    0.000    0.000 /Users/aaditnagori/anaconda3/envs/alldigital/lib/python3.12/logging/__init__.py:1266(emit)
        1    0.000    0.000    0.000    0.000 /Users/aaditnagori/anaconda3/envs/alldigital/lib/python3.12/logging/__init__.py:1148(emit)
        1    0.000    0.000    0.000    0.000 /Users/aaditnagori/anaconda3/envs/alldigital/lib/python3.12/site-packages/pydantic/_internal/_repr.py:55(__repr_str__)
        2    0.000    0.000    0.000    0.000 /Users/aaditnagori/anaconda3/envs/alldigital/lib/python3.12/site-packages/numpy/core/_ufunc_config.py:430(__enter__)
    39/38    0.000    0.000    0.000    0.000 {built-in method builtins.getattr}
        3    0.000    0.000    0.000    0.000 /Users/aaditnagori/anaconda3/envs/alldigital/lib/python3.12/site-packages/sklearn/utils/_array_api.py:427(isdtype)
        3    0.000    0.000    0.000    0.000 /Users/aaditnagori/anaconda3/envs/alldigital/lib/python3.12/site-packages/sklearn/utils/_array_api.py:189(isdtype)
        2    0.000    0.000    0.000    0.000 /Users/aaditnagori/anaconda3/envs/alldigital/lib/python3.12/site-packages/sklearn/utils/validation.py:364(_num_samples)
        3    0.000    0.000    0.000    0.000 /Users/aaditnagori/anaconda3/envs/alldigital/lib/python3.12/site-packages/sklearn/utils/validation.py:1549(_is_fitted)
        1    0.000    0.000    0.000    0.000 /Users/aaditnagori/anaconda3/envs/alldigital/lib/python3.12/site-packages/sklearn/model_selection/_search.py:373(check)
      5/3    0.000    0.000    0.000    0.000 /Users/aaditnagori/anaconda3/envs/alldigital/lib/python3.12/site-packages/sklearn/utils/_array_api.py:201(_isdtype_single)
        1    0.000    0.000    0.000    0.000 /Users/aaditnagori/anaconda3/envs/alldigital/lib/python3.12/logging/__init__.py:1645(makeRecord)
        1    0.000    0.000    0.000    0.000 /Users/aaditnagori/anaconda3/envs/alldigital/lib/python3.12/logging/__init__.py:988(format)
        1    0.000    0.000    0.000    0.000 /Users/aaditnagori/anaconda3/envs/alldigital/lib/python3.12/logging/__init__.py:690(format)
       25    0.000    0.000    0.000    0.000 /Users/aaditnagori/anaconda3/envs/alldigital/lib/python3.12/site-packages/sklearn/utils/_array_api.py:372(__getattr__)
        4    0.000    0.000    0.000    0.000 /Users/aaditnagori/anaconda3/envs/alldigital/lib/python3.12/site-packages/sklearn/utils/_array_api.py:177(_is_numpy_namespace)
        1    0.000    0.000    0.000    0.000 {method 'join' of 'str' objects}
        7    0.000    0.000    0.000    0.000 {built-in method numpy.asarray}
        4    0.000    0.000    0.000    0.000 /Users/aaditnagori/anaconda3/envs/alldigital/lib/python3.12/site-packages/numpy/core/_ufunc_config.py:33(seterr)
       43    0.000    0.000    0.000    0.000 {built-in method builtins.isinstance}
        3    0.000    0.000    0.000    0.000 {built-in method builtins.any}
        1    0.000    0.000    0.000    0.000 /Users/aaditnagori/anaconda3/envs/alldigital/lib/python3.12/logging/__init__.py:622(formatTime)
        1    0.000    0.000    0.000    0.000 /Users/aaditnagori/anaconda3/envs/alldigital/lib/python3.12/site-packages/pydantic/main.py:830(__setattr__)
        1    0.000    0.000    0.000    0.000 /Users/aaditnagori/anaconda3/envs/alldigital/lib/python3.12/logging/__init__.py:298(__init__)
       57    0.000    0.000    0.000    0.000 {built-in method builtins.hasattr}
        2    0.000    0.000    0.000    0.000 /Users/aaditnagori/anaconda3/envs/alldigital/lib/python3.12/warnings.py:484(__enter__)
        1    0.000    0.000    0.000    0.000 {built-in method time.strftime}
       11    0.000    0.000    0.000    0.000 /Users/aaditnagori/anaconda3/envs/alldigital/lib/python3.12/site-packages/pydantic/_internal/_repr.py:56(<genexpr>)
        2    0.000    0.000    0.000    0.000 /Users/aaditnagori/anaconda3/envs/alldigital/lib/python3.12/site-packages/sklearn/base.py:448(_check_feature_names)
        1    0.000    0.000    0.000    0.000 /Users/aaditnagori/anaconda3/envs/alldigital/lib/python3.12/site-packages/sklearn/utils/_set_output.py:262(_wrap_data_with_container)
        1    0.000    0.000    0.000    0.000 /Users/aaditnagori/anaconda3/envs/alldigital/lib/python3.12/site-packages/sklearn/utils/extmath.py:161(safe_sparse_dot)
        1    0.000    0.000    0.000    0.000 {method 'disable' of '_lsprof.Profiler' objects}
        2    0.000    0.000    0.000    0.000 /Users/aaditnagori/anaconda3/envs/alldigital/lib/python3.12/site-packages/sklearn/base.py:402(_check_n_features)
        1    0.000    0.000    0.000    0.000 /Users/aaditnagori/anaconda3/envs/alldigital/lib/python3.12/site-packages/sklearn/utils/_set_output.py:227(_get_output_config)
       11    0.000    0.000    0.000    0.000 /Users/aaditnagori/anaconda3/envs/alldigital/lib/python3.12/site-packages/pydantic/main.py:1025(__repr_args__)
        2    0.000    0.000    0.000    0.000 /Users/aaditnagori/anaconda3/envs/alldigital/lib/python3.12/site-packages/sklearn/pipeline.py:275(_iter)
        3    0.000    0.000    0.000    0.000 /Users/aaditnagori/anaconda3/envs/alldigital/lib/python3.12/site-packages/sklearn/utils/_array_api.py:210(<genexpr>)
        2    0.000    0.000    0.000    0.000 /Users/aaditnagori/anaconda3/envs/alldigital/lib/python3.12/site-packages/numpy/core/fromnumeric.py:53(_wrapfunc)
        2    0.000    0.000    0.000    0.000 /Users/aaditnagori/anaconda3/envs/alldigital/lib/python3.12/site-packages/sklearn/utils/validation.py:2232(_get_feature_names)
       12    0.000    0.000    0.000    0.000 /Users/aaditnagori/anaconda3/envs/alldigital/lib/python3.12/site-packages/sklearn/_config.py:32(get_config)
        3    0.000    0.000    0.000    0.000 /Users/aaditnagori/anaconda3/envs/alldigital/lib/python3.12/inspect.py:302(isclass)
        4    0.000    0.000    0.000    0.000 /Users/aaditnagori/anaconda3/envs/alldigital/lib/python3.12/site-packages/numpy/core/_ufunc_config.py:132(geterr)
        1    0.000    0.000    0.000    0.000 /Users/aaditnagori/anaconda3/envs/alldigital/lib/python3.12/site-packages/sklearn/utils/_array_api.py:388(astype)
        4    0.000    0.000    0.000    0.000 /Users/aaditnagori/anaconda3/envs/alldigital/lib/python3.12/site-packages/sklearn/utils/_array_api.py:196(<genexpr>)
        1    0.000    0.000    0.000    0.000 {method 'astype' of 'numpy.ndarray' objects}
        1    0.000    0.000    0.000    0.000 /Users/aaditnagori/anaconda3/envs/alldigital/lib/python3.12/site-packages/sklearn/utils/_metadata_requests.py:119(_routing_enabled)
        8    0.000    0.000    0.000    0.000 /Users/aaditnagori/anaconda3/envs/alldigital/lib/python3.12/site-packages/sklearn/utils/_array_api.py:473(get_namespace)
        1    0.000    0.000    0.000    0.000 /Users/aaditnagori/anaconda3/envs/alldigital/lib/python3.12/logging/__init__.py:1137(flush)
        4    0.000    0.000    0.000    0.000 /Users/aaditnagori/anaconda3/envs/alldigital/lib/python3.12/site-packages/sklearn/utils/validation.py:2205(_is_pandas_df)
        1    0.000    0.000    0.000    0.000 /Users/aaditnagori/anaconda3/envs/alldigital/lib/python3.12/site-packages/sklearn/utils/_array_api.py:412(reshape)
        2    0.000    0.000    0.000    0.000 /Users/aaditnagori/anaconda3/envs/alldigital/lib/python3.12/warnings.py:168(simplefilter)
        2    0.000    0.000    0.000    0.000 <frozen abc>:117(__instancecheck__)
        1    0.000    0.000    0.000    0.000 /Users/aaditnagori/anaconda3/envs/alldigital/lib/python3.12/site-packages/numpy/core/fromnumeric.py:200(reshape)
        2    0.000    0.000    0.000    0.000 {built-in method _abc._abc_instancecheck}
        1    0.000    0.000    0.000    0.000 {method 'flush' of '_io.TextIOWrapper' objects}
        1    0.000    0.000    0.000    0.000 /Users/aaditnagori/anaconda3/envs/alldigital/lib/python3.12/site-packages/numpy/core/fromnumeric.py:95(take)
        3    0.000    0.000    0.000    0.000 {built-in method builtins.vars}
        1    0.000    0.000    0.000    0.000 /Users/aaditnagori/anaconda3/envs/alldigital/lib/python3.12/logging/__init__.py:1611(findCaller)
        2    0.000    0.000    0.000    0.000 /Users/aaditnagori/anaconda3/envs/alldigital/lib/python3.12/warnings.py:184(_add_filter)
        2    0.000    0.000    0.000    0.000 /Users/aaditnagori/anaconda3/envs/alldigital/lib/python3.12/site-packages/sklearn/pipeline.py:49(check)
        2    0.000    0.000    0.000    0.000 /Users/aaditnagori/anaconda3/envs/alldigital/lib/python3.12/site-packages/sklearn/utils/_array_api.py:235(supported_float_dtypes)
        2    0.000    0.000    0.000    0.000 /Users/aaditnagori/anaconda3/envs/alldigital/lib/python3.12/site-packages/sklearn/utils/validation.py:311(_num_features)
       12    0.000    0.000    0.000    0.000 {method 'copy' of 'dict' objects}
        1    0.000    0.000    0.000    0.000 {method 'take' of 'numpy.ndarray' objects}
        1    0.000    0.000    0.000    0.000 /Users/aaditnagori/anaconda3/envs/alldigital/lib/python3.12/site-packages/sklearn/model_selection/_search.py:352(_check_refit)
        4    0.000    0.000    0.000    0.000 /Users/aaditnagori/anaconda3/envs/alldigital/lib/python3.12/logging/__init__.py:200(_is_internal_frame)
        1    0.000    0.000    0.000    0.000 /Users/aaditnagori/anaconda3/envs/alldigital/lib/python3.12/site-packages/pydantic/main.py:899(_check_frozen)
       12    0.000    0.000    0.000    0.000 /Users/aaditnagori/anaconda3/envs/alldigital/lib/python3.12/site-packages/sklearn/_config.py:24(_get_threadlocal_config)
       47    0.000    0.000    0.000    0.000 {method 'endswith' of 'str' objects}
        1    0.000    0.000    0.000    0.000 {built-in method _asyncio.current_task}
        1    0.000    0.000    0.000    0.000 <frozen posixpath>:169(basename)
        2    0.000    0.000    0.000    0.000 /Users/aaditnagori/anaconda3/envs/alldigital/lib/python3.12/site-packages/numpy/core/_ufunc_config.py:435(__exit__)
        2    0.000    0.000    0.000    0.000 {method 'remove' of 'list' objects}
        1    0.000    0.000    0.000    0.000 /Users/aaditnagori/anaconda3/envs/alldigital/lib/python3.12/site-packages/pydantic/_internal/_fields.py:356(is_valid_field_name)
        4    0.000    0.000    0.000    0.000 <frozen posixpath>:52(normcase)
        4    0.000    0.000    0.000    0.000 {built-in method numpy.seterrobj}
        2    0.000    0.000    0.000    0.000 <frozen abc>:121(__subclasscheck__)
        5    0.000    0.000    0.000    0.000 /Users/aaditnagori/anaconda3/envs/alldigital/lib/python3.12/site-packages/sklearn/utils/_array_api.py:392(asarray)
        1    0.000    0.000    0.000    0.000 /Users/aaditnagori/anaconda3/envs/alldigital/lib/python3.12/site-packages/sklearn/utils/_set_output.py:187(supported_outputs)
        1    0.000    0.000    0.000    0.000 {method 'reshape' of 'numpy.ndarray' objects}
        6    0.000    0.000    0.000    0.000 /Users/aaditnagori/anaconda3/envs/alldigital/lib/python3.12/site-packages/scipy/sparse/_base.py:1513(issparse)
        1    0.000    0.000    0.000    0.000 /Users/aaditnagori/anaconda3/envs/alldigital/lib/python3.12/site-packages/pydantic/_internal/_model_construction.py:232(__getattr__)
        1    0.000    0.000    0.000    0.000 {built-in method time.localtime}
        1    0.000    0.000    0.000    0.000 <frozen posixpath>:41(_get_sep)
        2    0.000    0.000    0.000    0.000 /Users/aaditnagori/anaconda3/envs/alldigital/lib/python3.12/site-packages/sklearn/utils/validation.py:655(_ensure_no_complex_data)
        2    0.000    0.000    0.000    0.000 {built-in method _abc._abc_subclasscheck}
        1    0.000    0.000    0.000    0.000 <frozen posixpath>:117(splitext)
       21    0.000    0.000    0.000    0.000 {method 'get' of 'dict' objects}
        8    0.000    0.000    0.000    0.000 {built-in method numpy.geterrobj}
        1    0.000    0.000    0.000    0.000 /Users/aaditnagori/anaconda3/envs/alldigital/lib/python3.12/logging/__init__.py:674(formatMessage)
       20    0.000    0.000    0.000    0.000 {method 'startswith' of 'str' objects}
        1    0.000    0.000    0.000    0.000 /Users/aaditnagori/anaconda3/envs/alldigital/lib/python3.12/logging/__init__.py:462(format)
        2    0.000    0.000    0.000    0.000 /Users/aaditnagori/anaconda3/envs/alldigital/lib/python3.12/site-packages/sklearn/utils/validation.py:301(_use_interchange_protocol)
        2    0.000    0.000    0.000    0.000 /Users/aaditnagori/anaconda3/envs/alldigital/lib/python3.12/logging/__init__.py:968(acquire)
        1    0.000    0.000    0.000    0.000 /Users/aaditnagori/anaconda3/envs/alldigital/lib/python3.12/logging/__init__.py:668(usesTime)
        1    0.000    0.000    0.000    0.000 /Users/aaditnagori/anaconda3/envs/alldigital/lib/python3.12/logging/__init__.py:170(<lambda>)
        1    0.000    0.000    0.000    0.000 /Users/aaditnagori/anaconda3/envs/alldigital/lib/python3.12/logging/__init__.py:455(_format)
        1    0.000    0.000    0.000    0.000 /Users/aaditnagori/anaconda3/envs/alldigital/lib/python3.12/site-packages/sklearn/utils/_array_api.py:822(indexing_dtype)
        2    0.000    0.000    0.000    0.000 /Users/aaditnagori/anaconda3/envs/alldigital/lib/python3.12/warnings.py:505(__exit__)
        6    0.000    0.000    0.000    0.000 {built-in method _warnings._filters_mutated}
        1    0.000    0.000    0.000    0.000 <frozen genericpath>:133(_splitext)
       10    0.000    0.000    0.000    0.000 {built-in method builtins.len}
        1    0.000    0.000    0.000    0.000 /Users/aaditnagori/anaconda3/envs/alldigital/lib/python3.12/logging/__init__.py:447(usesTime)
        2    0.000    0.000    0.000    0.000 /Users/aaditnagori/anaconda3/envs/alldigital/lib/python3.12/logging/__init__.py:975(release)
        4    0.000    0.000    0.000    0.000 {method 'items' of 'dict' objects}
        2    0.000    0.000    0.000    0.000 /Users/aaditnagori/anaconda3/envs/alldigital/lib/python3.12/site-packages/sklearn/utils/validation.py:713(_is_extension_array_dtype)
        2    0.000    0.000    0.000    0.000 /Users/aaditnagori/anaconda3/envs/alldigital/lib/python3.12/warnings.py:458(__init__)
        2    0.000    0.000    0.000    0.000 /Users/aaditnagori/anaconda3/envs/alldigital/lib/python3.12/site-packages/sklearn/utils/validation.py:665(_check_estimator_name)
        5    0.000    0.000    0.000    0.000 /Users/aaditnagori/anaconda3/envs/alldigital/lib/python3.12/site-packages/sklearn/utils/_array_api.py:306(_check_device_cpu)
        3    0.000    0.000    0.000    0.000 {method 'rfind' of 'str' objects}
        6    0.000    0.000    0.000    0.000 {built-in method builtins.repr}
        2    0.000    0.000    0.000    0.000 /Users/aaditnagori/anaconda3/envs/alldigital/lib/python3.12/site-packages/sklearn/pipeline.py:333(_final_estimator)
        6    0.000    0.000    0.000    0.000 {built-in method posix.fspath}
        1    0.000    0.000    0.000    0.000 {method 'find' of 'str' objects}
        1    0.000    0.000    0.000    0.000 /Users/aaditnagori/anaconda3/envs/alldigital/lib/python3.12/threading.py:1485(current_thread)
        1    0.000    0.000    0.000    0.000 /Users/aaditnagori/anaconda3/envs/alldigital/lib/python3.12/logging/__init__.py:129(getLevelName)
        1    0.000    0.000    0.000    0.000 /Users/aaditnagori/anaconda3/envs/alldigital/lib/python3.12/logging/__init__.py:383(getMessage)
        2    0.000    0.000    0.000    0.000 {method 'insert' of 'list' objects}
        2    0.000    0.000    0.000    0.000 {method 'acquire' of '_thread.RLock' objects}
        2    0.000    0.000    0.000    0.000 /Users/aaditnagori/anaconda3/envs/alldigital/lib/python3.12/logging/__init__.py:831(filter)
        2    0.000    0.000    0.000    0.000 {built-in method _thread.get_ident}
        1    0.000    0.000    0.000    0.000 {method 'get' of 'mappingproxy' objects}
        1    0.000    0.000    0.000    0.000 {built-in method sys._getframe}
        1    0.000    0.000    0.000    0.000 /Users/aaditnagori/anaconda3/envs/alldigital/lib/python3.12/logging/__init__.py:1790(isEnabledFor)
        1    0.000    0.000    0.000    0.000 {built-in method time.time}
        1    0.000    0.000    0.000    0.000 {method 'write' of '_io.TextIOWrapper' objects}
        2    0.000    0.000    0.000    0.000 {method 'release' of '_thread.RLock' objects}
        1    0.000    0.000    0.000    0.000 /Users/aaditnagori/anaconda3/envs/alldigital/lib/python3.12/threading.py:1182(name)
        1    0.000    0.000    0.000    0.000 {method 'add' of 'set' objects}
        1    0.000    0.000    0.000    0.000 {built-in method posix.getpid}
        2    0.000    0.000    0.000    0.000 /Users/aaditnagori/anaconda3/envs/alldigital/lib/python3.12/site-packages/numpy/core/_ufunc_config.py:426(__init__)
        2    0.000    0.000    0.000    0.000 /Users/aaditnagori/anaconda3/envs/alldigital/lib/python3.12/site-packages/numpy/core/fromnumeric.py:2172(_sum_dispatcher)
        1    0.000    0.000    0.000    0.000 /Users/aaditnagori/anaconda3/envs/alldigital/lib/python3.12/site-packages/numpy/core/fromnumeric.py:195(_reshape_dispatcher)
        1    0.000    0.000    0.000    0.000 /Users/aaditnagori/anaconda3/envs/alldigital/lib/python3.12/multiprocessing/process.py:189(name)
        1    0.000    0.000    0.000    0.000 /Users/aaditnagori/anaconda3/envs/alldigital/lib/python3.12/site-packages/pydantic/main.py:1042(<genexpr>)
        1    0.000    0.000    0.000    0.000 /Users/aaditnagori/anaconda3/envs/alldigital/lib/python3.12/site-packages/numpy/core/multiarray.py:1393(may_share_memory)
        1    0.000    0.000    0.000    0.000 /Users/aaditnagori/anaconda3/envs/alldigital/lib/python3.12/site-packages/numpy/core/fromnumeric.py:91(_take_dispatcher)
        1    0.000    0.000    0.000    0.000 /Users/aaditnagori/anaconda3/envs/alldigital/lib/python3.12/multiprocessing/process.py:37(current_process)


